2017-08-10 19:53:04,211 [Dummy-1:5000] [django.db.backends:91] [utils:execute] [DEBUG]- (0.001) SELECT @@SQL_AUTO_IS_NULL; args=None
2017-08-10 19:53:04,225 [Dummy-1:5000] [django.db.backends:91] [utils:execute] [DEBUG]- (0.000) SELECT VERSION(); args=None
2017-08-10 19:53:04,577 [Dummy-1:5000] [django.db.backends:91] [utils:execute] [DEBUG]- (0.001) SHOW FULL TABLES; args=None
2017-08-10 19:53:04,658 [Dummy-1:5000] [django.db.backends:91] [utils:execute] [DEBUG]- (0.047) SELECT `django_migrations`.`app`, `django_migrations`.`name` FROM `django_migrations`; args=()
2017-08-10 19:53:36,430 [Thread-2:7804] [django.request:135] [exception:handle_uncaught_exception] [ERROR]- Internal Server Error: /
Traceback (most recent call last):
  File "D:\Python\lib\site-packages\django\core\handlers\exception.py", line 41, in inner
    response = get_response(request)
  File "D:\Python\lib\site-packages\django\core\handlers\base.py", line 187, in _get_response
    response = self.process_exception_by_middleware(e, request)
  File "D:\Python\lib\site-packages\django\core\handlers\base.py", line 185, in _get_response
    response = wrapped_callback(request, *callback_args, **callback_kwargs)
TypeError: login_page() takes 0 positional arguments but 1 was given
2017-08-10 19:53:36,509 [Thread-2:7804] [django.db.backends:91] [utils:execute] [DEBUG]- (0.002) SELECT @@SQL_AUTO_IS_NULL; args=None
2017-08-10 19:53:36,512 [Thread-2:7804] [django.db.backends:91] [utils:execute] [DEBUG]- (0.001) SELECT VERSION(); args=None
2017-08-10 19:53:36,545 [Thread-2:7804] [django.db.backends:91] [utils:execute] [DEBUG]- (0.026) SELECT `django_session`.`session_key`, `django_session`.`session_data`, `django_session`.`expire_date` FROM `django_session` WHERE (`django_session`.`session_key` = 'c5niynct5a3fu1k57k7t6imv9wxoph1m' AND `django_session`.`expire_date` > '2017-08-10 11:53:36.498479'); args=('c5niynct5a3fu1k57k7t6imv9wxoph1m', '2017-08-10 11:53:36.498479')
2017-08-10 19:53:36,652 [Thread-2:7804] [django.server:124] [basehttp:log_message] [ERROR]- "GET / HTTP/1.1" 500 65588
2017-08-10 19:53:37,016 [Thread-3:3084] [django.template:925] [base:_resolve_lookup] [DEBUG]- Exception while resolving variable 'name' in template 'unknown'.
Traceback (most recent call last):
  File "D:\Python\lib\site-packages\django\core\handlers\exception.py", line 41, in inner
    response = get_response(request)
  File "D:\Python\lib\site-packages\django\core\handlers\base.py", line 172, in _get_response
    resolver_match = resolver.resolve(request.path_info)
  File "D:\Python\lib\site-packages\django\urls\resolvers.py", line 392, in resolve
    raise Resolver404({'tried': tried, 'path': new_path})
django.urls.exceptions.Resolver404: {'tried': [[<RegexURLResolver <RegexURLPattern list> (admin:admin) ^admin/>], [<RegexURLResolver <module 'webapp.urls' from 'F:\\Web\\webapp\\urls.py'> (None:None) ^$>]], 'path': 'favicon.ico'}

During handling of the above exception, another exception occurred:

Traceback (most recent call last):
  File "D:\Python\lib\site-packages\django\template\base.py", line 882, in _resolve_lookup
    current = current[bit]
TypeError: 'RegexURLResolver' object is not subscriptable

During handling of the above exception, another exception occurred:

Traceback (most recent call last):
  File "D:\Python\lib\site-packages\django\template\base.py", line 890, in _resolve_lookup
    current = getattr(current, bit)
AttributeError: 'RegexURLResolver' object has no attribute 'name'

During handling of the above exception, another exception occurred:

Traceback (most recent call last):
  File "D:\Python\lib\site-packages\django\template\base.py", line 896, in _resolve_lookup
    current = current[int(bit)]
ValueError: invalid literal for int() with base 10: 'name'

During handling of the above exception, another exception occurred:

Traceback (most recent call last):
  File "D:\Python\lib\site-packages\django\template\base.py", line 903, in _resolve_lookup
    (bit, current))  # missing attribute
django.template.base.VariableDoesNotExist: Failed lookup for key [name] in '<RegexURLResolver <RegexURLPattern list> (admin:admin) ^admin/>'
2017-08-10 19:53:37,058 [Thread-3:3084] [django.template:925] [base:_resolve_lookup] [DEBUG]- Exception while resolving variable 'name' in template 'unknown'.
Traceback (most recent call last):
  File "D:\Python\lib\site-packages\django\core\handlers\exception.py", line 41, in inner
    response = get_response(request)
  File "D:\Python\lib\site-packages\django\core\handlers\base.py", line 172, in _get_response
    resolver_match = resolver.resolve(request.path_info)
  File "D:\Python\lib\site-packages\django\urls\resolvers.py", line 392, in resolve
    raise Resolver404({'tried': tried, 'path': new_path})
django.urls.exceptions.Resolver404: {'tried': [[<RegexURLResolver <RegexURLPattern list> (admin:admin) ^admin/>], [<RegexURLResolver <module 'webapp.urls' from 'F:\\Web\\webapp\\urls.py'> (None:None) ^$>]], 'path': 'favicon.ico'}

During handling of the above exception, another exception occurred:

Traceback (most recent call last):
  File "D:\Python\lib\site-packages\django\template\base.py", line 882, in _resolve_lookup
    current = current[bit]
TypeError: 'RegexURLResolver' object is not subscriptable

During handling of the above exception, another exception occurred:

Traceback (most recent call last):
  File "D:\Python\lib\site-packages\django\template\base.py", line 890, in _resolve_lookup
    current = getattr(current, bit)
AttributeError: 'RegexURLResolver' object has no attribute 'name'

During handling of the above exception, another exception occurred:

Traceback (most recent call last):
  File "D:\Python\lib\site-packages\django\template\base.py", line 896, in _resolve_lookup
    current = current[int(bit)]
ValueError: invalid literal for int() with base 10: 'name'

During handling of the above exception, another exception occurred:

Traceback (most recent call last):
  File "D:\Python\lib\site-packages\django\template\base.py", line 903, in _resolve_lookup
    (bit, current))  # missing attribute
django.template.base.VariableDoesNotExist: Failed lookup for key [name] in "<RegexURLResolver <module 'webapp.urls' from 'F:\\\\Web\\\\webapp\\\\urls.py'> (None:None) ^$>"
2017-08-10 19:53:37,086 [Thread-3:3084] [django.request:152] [base:get_response] [WARNING]- Not Found: /favicon.ico
2017-08-10 19:53:37,088 [Thread-3:3084] [django.server:124] [basehttp:log_message] [WARNING]- "GET /favicon.ico HTTP/1.1" 404 2061
2017-08-10 20:08:07,876 [Dummy-1:7976] [django.db.backends:91] [utils:execute] [DEBUG]- (0.000) SELECT @@SQL_AUTO_IS_NULL; args=None
2017-08-10 20:08:07,891 [Dummy-1:7976] [django.db.backends:91] [utils:execute] [DEBUG]- (0.000) SELECT VERSION(); args=None
2017-08-10 20:08:07,938 [Dummy-1:7976] [django.db.backends:91] [utils:execute] [DEBUG]- (0.001) SHOW FULL TABLES; args=None
2017-08-10 20:08:07,943 [Dummy-1:7976] [django.db.backends:91] [utils:execute] [DEBUG]- (0.002) SELECT `django_migrations`.`app`, `django_migrations`.`name` FROM `django_migrations`; args=()
2017-08-10 20:09:06,779 [Dummy-1:7936] [django.db.backends:91] [utils:execute] [DEBUG]- (0.001) SELECT @@SQL_AUTO_IS_NULL; args=None
2017-08-10 20:09:06,798 [Dummy-1:7936] [django.db.backends:91] [utils:execute] [DEBUG]- (0.001) SELECT VERSION(); args=None
2017-08-10 20:09:06,934 [Dummy-1:7936] [django.db.backends:91] [utils:execute] [DEBUG]- (0.002) SHOW FULL TABLES; args=None
2017-08-10 20:09:06,941 [Dummy-1:7936] [django.db.backends:91] [utils:execute] [DEBUG]- (0.002) SELECT `django_migrations`.`app`, `django_migrations`.`name` FROM `django_migrations`; args=()
2017-08-10 20:10:35,257 [Dummy-1:7192] [django.db.backends:91] [utils:execute] [DEBUG]- (0.000) SELECT @@SQL_AUTO_IS_NULL; args=None
2017-08-10 20:10:35,272 [Dummy-1:7192] [django.db.backends:91] [utils:execute] [DEBUG]- (0.001) SELECT VERSION(); args=None
2017-08-10 20:10:35,333 [Dummy-1:7192] [django.db.backends:91] [utils:execute] [DEBUG]- (0.001) SHOW FULL TABLES; args=None
2017-08-10 20:10:35,339 [Dummy-1:7192] [django.db.backends:91] [utils:execute] [DEBUG]- (0.002) SELECT `django_migrations`.`app`, `django_migrations`.`name` FROM `django_migrations`; args=()
2017-08-10 20:11:47,101 [Dummy-1:9140] [django.db.backends:91] [utils:execute] [DEBUG]- (0.000) SELECT @@SQL_AUTO_IS_NULL; args=None
2017-08-10 20:11:47,115 [Dummy-1:9140] [django.db.backends:91] [utils:execute] [DEBUG]- (0.000) SELECT VERSION(); args=None
2017-08-10 20:11:47,169 [Dummy-1:9140] [django.db.backends:91] [utils:execute] [DEBUG]- (0.001) SHOW FULL TABLES; args=None
2017-08-10 20:11:47,173 [Dummy-1:9140] [django.db.backends:91] [utils:execute] [DEBUG]- (0.001) SELECT `django_migrations`.`app`, `django_migrations`.`name` FROM `django_migrations`; args=()
2017-08-10 20:15:06,855 [MainThread:8832] [django.db.backends:91] [utils:execute] [DEBUG]- (0.001) SELECT @@SQL_AUTO_IS_NULL; args=None
2017-08-10 20:15:06,859 [MainThread:8832] [django.db.backends:91] [utils:execute] [DEBUG]- (0.001) SELECT @@sql_mode; args=None
2017-08-10 20:15:06,864 [MainThread:8832] [django.db.backends:91] [utils:execute] [DEBUG]- (0.001) SELECT VERSION(); args=None
2017-08-10 20:15:06,958 [MainThread:8832] [django.db.backends:91] [utils:execute] [DEBUG]- (0.002) SHOW FULL TABLES; args=None
2017-08-10 20:15:06,968 [MainThread:8832] [django.db.backends:91] [utils:execute] [DEBUG]- (0.003) SELECT `django_migrations`.`app`, `django_migrations`.`name` FROM `django_migrations`; args=()
2017-08-10 20:15:06,972 [MainThread:8832] [django.db.backends:91] [utils:execute] [DEBUG]- (0.001) SHOW FULL TABLES; args=None
2017-08-10 20:15:06,975 [MainThread:8832] [django.db.backends:91] [utils:execute] [DEBUG]- (0.000) SELECT `django_migrations`.`app`, `django_migrations`.`name` FROM `django_migrations`; args=()
2017-08-10 20:15:06,987 [MainThread:8832] [django.db.backends.schema:111] [schema:execute] [DEBUG]- CREATE TABLE `django_content_type` (`id` integer AUTO_INCREMENT NOT NULL PRIMARY KEY, `name` varchar(100) NOT NULL, `app_label` varchar(100) NOT NULL, `model` varchar(100) NOT NULL); (params None)
2017-08-10 20:15:07,505 [MainThread:8832] [django.db.backends:91] [utils:execute] [DEBUG]- (0.514) CREATE TABLE `django_content_type` (`id` integer AUTO_INCREMENT NOT NULL PRIMARY KEY, `name` varchar(100) NOT NULL, `app_label` varchar(100) NOT NULL, `model` varchar(100) NOT NULL); args=None
2017-08-10 20:15:07,512 [MainThread:8832] [django.db.backends:91] [utils:execute] [DEBUG]- (0.003) SELECT engine FROM information_schema.tables WHERE table_name = 'django_content_type'; args=['django_content_type']
2017-08-10 20:15:07,519 [MainThread:8832] [django.db.backends:91] [utils:execute] [DEBUG]- (0.002) SELECT engine FROM information_schema.tables WHERE table_name = 'django_content_type'; args=['django_content_type']
2017-08-10 20:15:07,525 [MainThread:8832] [django.db.backends:91] [utils:execute] [DEBUG]- (0.002) SELECT engine FROM information_schema.tables WHERE table_name = 'django_content_type'; args=['django_content_type']
2017-08-10 20:15:07,532 [MainThread:8832] [django.db.backends:91] [utils:execute] [DEBUG]- (0.003) SELECT engine FROM information_schema.tables WHERE table_name = 'django_content_type'; args=['django_content_type']
2017-08-10 20:15:07,538 [MainThread:8832] [django.db.backends.schema:111] [schema:execute] [DEBUG]- ALTER TABLE `django_content_type` ADD CONSTRAINT `django_content_type_app_label_model_76bd3d3b_uniq` UNIQUE (`app_label`, `model`); (params ())
2017-08-10 20:15:08,119 [MainThread:8832] [django.db.backends:91] [utils:execute] [DEBUG]- (0.577) ALTER TABLE `django_content_type` ADD CONSTRAINT `django_content_type_app_label_model_76bd3d3b_uniq` UNIQUE (`app_label`, `model`); args=()
2017-08-10 20:15:08,121 [MainThread:8832] [django.db.backends:91] [utils:execute] [DEBUG]- (0.001) SHOW FULL TABLES; args=None
2017-08-10 20:15:08,174 [MainThread:8832] [django.db.backends:91] [utils:execute] [DEBUG]- (0.051) INSERT INTO `django_migrations` (`app`, `name`, `applied`) VALUES ('contenttypes', '0001_initial', '2017-08-10 12:15:08.122355'); args=['contenttypes', '0001_initial', '2017-08-10 12:15:08.122355']
2017-08-10 20:15:08,449 [MainThread:8832] [django.db.backends.schema:111] [schema:execute] [DEBUG]- CREATE TABLE `auth_permission` (`id` integer AUTO_INCREMENT NOT NULL PRIMARY KEY, `name` varchar(50) NOT NULL, `content_type_id` integer NOT NULL, `codename` varchar(100) NOT NULL); (params None)
2017-08-10 20:15:08,889 [MainThread:8832] [django.db.backends:91] [utils:execute] [DEBUG]- (0.435) CREATE TABLE `auth_permission` (`id` integer AUTO_INCREMENT NOT NULL PRIMARY KEY, `name` varchar(50) NOT NULL, `content_type_id` integer NOT NULL, `codename` varchar(100) NOT NULL); args=None
2017-08-10 20:15:08,897 [MainThread:8832] [django.db.backends:91] [utils:execute] [DEBUG]- (0.003) SELECT engine FROM information_schema.tables WHERE table_name = 'auth_permission'; args=['auth_permission']
2017-08-10 20:15:08,903 [MainThread:8832] [django.db.backends:91] [utils:execute] [DEBUG]- (0.003) SELECT engine FROM information_schema.tables WHERE table_name = 'auth_permission'; args=['auth_permission']
2017-08-10 20:15:08,909 [MainThread:8832] [django.db.backends:91] [utils:execute] [DEBUG]- (0.003) SELECT engine FROM information_schema.tables WHERE table_name = 'auth_permission'; args=['auth_permission']
2017-08-10 20:15:08,915 [MainThread:8832] [django.db.backends:91] [utils:execute] [DEBUG]- (0.002) SELECT engine FROM information_schema.tables WHERE table_name = 'auth_permission'; args=['auth_permission']
2017-08-10 20:15:08,930 [MainThread:8832] [django.db.backends.schema:111] [schema:execute] [DEBUG]- CREATE TABLE `auth_group` (`id` integer AUTO_INCREMENT NOT NULL PRIMARY KEY, `name` varchar(80) NOT NULL UNIQUE); (params None)
2017-08-10 20:15:09,470 [MainThread:8832] [django.db.backends:91] [utils:execute] [DEBUG]- (0.537) CREATE TABLE `auth_group` (`id` integer AUTO_INCREMENT NOT NULL PRIMARY KEY, `name` varchar(80) NOT NULL UNIQUE); args=None
2017-08-10 20:15:09,477 [MainThread:8832] [django.db.backends:91] [utils:execute] [DEBUG]- (0.002) SELECT engine FROM information_schema.tables WHERE table_name = 'auth_group'; args=['auth_group']
2017-08-10 20:15:09,483 [MainThread:8832] [django.db.backends:91] [utils:execute] [DEBUG]- (0.002) SELECT engine FROM information_schema.tables WHERE table_name = 'auth_group'; args=['auth_group']
2017-08-10 20:15:09,487 [MainThread:8832] [django.db.backends.schema:111] [schema:execute] [DEBUG]- CREATE TABLE `auth_group_permissions` (`id` integer AUTO_INCREMENT NOT NULL PRIMARY KEY, `group_id` integer NOT NULL, `permission_id` integer NOT NULL); (params None)
2017-08-10 20:15:10,006 [MainThread:8832] [django.db.backends:91] [utils:execute] [DEBUG]- (0.515) CREATE TABLE `auth_group_permissions` (`id` integer AUTO_INCREMENT NOT NULL PRIMARY KEY, `group_id` integer NOT NULL, `permission_id` integer NOT NULL); args=None
2017-08-10 20:15:10,014 [MainThread:8832] [django.db.backends:91] [utils:execute] [DEBUG]- (0.003) SELECT engine FROM information_schema.tables WHERE table_name = 'auth_group_permissions'; args=['auth_group_permissions']
2017-08-10 20:15:10,019 [MainThread:8832] [django.db.backends:91] [utils:execute] [DEBUG]- (0.002) SELECT engine FROM information_schema.tables WHERE table_name = 'auth_group_permissions'; args=['auth_group_permissions']
2017-08-10 20:15:10,025 [MainThread:8832] [django.db.backends:91] [utils:execute] [DEBUG]- (0.002) SELECT engine FROM information_schema.tables WHERE table_name = 'auth_group_permissions'; args=['auth_group_permissions']
2017-08-10 20:15:10,049 [MainThread:8832] [django.db.backends.schema:111] [schema:execute] [DEBUG]- CREATE TABLE `auth_user` (`id` integer AUTO_INCREMENT NOT NULL PRIMARY KEY, `password` varchar(128) NOT NULL, `last_login` datetime(6) NOT NULL, `is_superuser` bool NOT NULL, `username` varchar(30) NOT NULL UNIQUE, `first_name` varchar(30) NOT NULL, `last_name` varchar(30) NOT NULL, `email` varchar(75) NOT NULL, `is_staff` bool NOT NULL, `is_active` bool NOT NULL, `date_joined` datetime(6) NOT NULL); (params None)
2017-08-10 20:15:10,737 [MainThread:8832] [django.db.backends:91] [utils:execute] [DEBUG]- (0.681) CREATE TABLE `auth_user` (`id` integer AUTO_INCREMENT NOT NULL PRIMARY KEY, `password` varchar(128) NOT NULL, `last_login` datetime(6) NOT NULL, `is_superuser` bool NOT NULL, `username` varchar(30) NOT NULL UNIQUE, `first_name` varchar(30) NOT NULL, `last_name` varchar(30) NOT NULL, `email` varchar(75) NOT NULL, `is_staff` bool NOT NULL, `is_active` bool NOT NULL, `date_joined` datetime(6) NOT NULL); args=None
2017-08-10 20:15:10,741 [MainThread:8832] [django.db.backends:91] [utils:execute] [DEBUG]- (0.001) SELECT engine FROM information_schema.tables WHERE table_name = 'auth_user'; args=['auth_user']
2017-08-10 20:15:10,743 [MainThread:8832] [django.db.backends:91] [utils:execute] [DEBUG]- (0.001) SELECT engine FROM information_schema.tables WHERE table_name = 'auth_user'; args=['auth_user']
2017-08-10 20:15:10,746 [MainThread:8832] [django.db.backends:91] [utils:execute] [DEBUG]- (0.001) SELECT engine FROM information_schema.tables WHERE table_name = 'auth_user'; args=['auth_user']
2017-08-10 20:15:10,748 [MainThread:8832] [django.db.backends:91] [utils:execute] [DEBUG]- (0.000) SELECT engine FROM information_schema.tables WHERE table_name = 'auth_user'; args=['auth_user']
2017-08-10 20:15:10,751 [MainThread:8832] [django.db.backends:91] [utils:execute] [DEBUG]- (0.001) SELECT engine FROM information_schema.tables WHERE table_name = 'auth_user'; args=['auth_user']
2017-08-10 20:15:10,753 [MainThread:8832] [django.db.backends:91] [utils:execute] [DEBUG]- (0.001) SELECT engine FROM information_schema.tables WHERE table_name = 'auth_user'; args=['auth_user']
2017-08-10 20:15:10,756 [MainThread:8832] [django.db.backends:91] [utils:execute] [DEBUG]- (0.001) SELECT engine FROM information_schema.tables WHERE table_name = 'auth_user'; args=['auth_user']
2017-08-10 20:15:10,759 [MainThread:8832] [django.db.backends:91] [utils:execute] [DEBUG]- (0.002) SELECT engine FROM information_schema.tables WHERE table_name = 'auth_user'; args=['auth_user']
2017-08-10 20:15:10,762 [MainThread:8832] [django.db.backends:91] [utils:execute] [DEBUG]- (0.001) SELECT engine FROM information_schema.tables WHERE table_name = 'auth_user'; args=['auth_user']
2017-08-10 20:15:10,764 [MainThread:8832] [django.db.backends:91] [utils:execute] [DEBUG]- (0.001) SELECT engine FROM information_schema.tables WHERE table_name = 'auth_user'; args=['auth_user']
2017-08-10 20:15:10,766 [MainThread:8832] [django.db.backends:91] [utils:execute] [DEBUG]- (0.000) SELECT engine FROM information_schema.tables WHERE table_name = 'auth_user'; args=['auth_user']
2017-08-10 20:15:10,769 [MainThread:8832] [django.db.backends.schema:111] [schema:execute] [DEBUG]- CREATE TABLE `auth_user_groups` (`id` integer AUTO_INCREMENT NOT NULL PRIMARY KEY, `user_id` integer NOT NULL, `group_id` integer NOT NULL); (params None)
2017-08-10 20:15:11,237 [MainThread:8832] [django.db.backends:91] [utils:execute] [DEBUG]- (0.467) CREATE TABLE `auth_user_groups` (`id` integer AUTO_INCREMENT NOT NULL PRIMARY KEY, `user_id` integer NOT NULL, `group_id` integer NOT NULL); args=None
2017-08-10 20:15:11,245 [MainThread:8832] [django.db.backends:91] [utils:execute] [DEBUG]- (0.004) SELECT engine FROM information_schema.tables WHERE table_name = 'auth_user_groups'; args=['auth_user_groups']
2017-08-10 20:15:11,251 [MainThread:8832] [django.db.backends:91] [utils:execute] [DEBUG]- (0.002) SELECT engine FROM information_schema.tables WHERE table_name = 'auth_user_groups'; args=['auth_user_groups']
2017-08-10 20:15:11,257 [MainThread:8832] [django.db.backends:91] [utils:execute] [DEBUG]- (0.003) SELECT engine FROM information_schema.tables WHERE table_name = 'auth_user_groups'; args=['auth_user_groups']
2017-08-10 20:15:11,262 [MainThread:8832] [django.db.backends.schema:111] [schema:execute] [DEBUG]- CREATE TABLE `auth_user_user_permissions` (`id` integer AUTO_INCREMENT NOT NULL PRIMARY KEY, `user_id` integer NOT NULL, `permission_id` integer NOT NULL); (params None)
2017-08-10 20:15:11,668 [MainThread:8832] [django.db.backends:91] [utils:execute] [DEBUG]- (0.402) CREATE TABLE `auth_user_user_permissions` (`id` integer AUTO_INCREMENT NOT NULL PRIMARY KEY, `user_id` integer NOT NULL, `permission_id` integer NOT NULL); args=None
2017-08-10 20:15:11,680 [MainThread:8832] [django.db.backends:91] [utils:execute] [DEBUG]- (0.005) SELECT engine FROM information_schema.tables WHERE table_name = 'auth_user_user_permissions'; args=['auth_user_user_permissions']
2017-08-10 20:15:11,690 [MainThread:8832] [django.db.backends:91] [utils:execute] [DEBUG]- (0.006) SELECT engine FROM information_schema.tables WHERE table_name = 'auth_user_user_permissions'; args=['auth_user_user_permissions']
2017-08-10 20:15:11,700 [MainThread:8832] [django.db.backends:91] [utils:execute] [DEBUG]- (0.005) SELECT engine FROM information_schema.tables WHERE table_name = 'auth_user_user_permissions'; args=['auth_user_user_permissions']
2017-08-10 20:15:11,702 [MainThread:8832] [django.db.backends.schema:111] [schema:execute] [DEBUG]- ALTER TABLE `auth_permission` ADD CONSTRAINT `auth_permission_content_type_id_2f476e4b_fk_django_co` FOREIGN KEY (`content_type_id`) REFERENCES `django_content_type` (`id`); (params ())
2017-08-10 20:15:13,373 [MainThread:8832] [django.db.backends:91] [utils:execute] [DEBUG]- (1.669) ALTER TABLE `auth_permission` ADD CONSTRAINT `auth_permission_content_type_id_2f476e4b_fk_django_co` FOREIGN KEY (`content_type_id`) REFERENCES `django_content_type` (`id`); args=()
2017-08-10 20:15:13,377 [MainThread:8832] [django.db.backends.schema:111] [schema:execute] [DEBUG]- ALTER TABLE `auth_permission` ADD CONSTRAINT `auth_permission_content_type_id_codename_01ab375a_uniq` UNIQUE (`content_type_id`, `codename`); (params ())
2017-08-10 20:15:13,840 [MainThread:8832] [django.db.backends:91] [utils:execute] [DEBUG]- (0.459) ALTER TABLE `auth_permission` ADD CONSTRAINT `auth_permission_content_type_id_codename_01ab375a_uniq` UNIQUE (`content_type_id`, `codename`); args=()
2017-08-10 20:15:13,845 [MainThread:8832] [django.db.backends.schema:111] [schema:execute] [DEBUG]- ALTER TABLE `auth_group_permissions` ADD CONSTRAINT `auth_group_permissions_group_id_b120cbf9_fk_auth_group_id` FOREIGN KEY (`group_id`) REFERENCES `auth_group` (`id`); (params ())
2017-08-10 20:15:15,342 [MainThread:8832] [django.db.backends:91] [utils:execute] [DEBUG]- (1.493) ALTER TABLE `auth_group_permissions` ADD CONSTRAINT `auth_group_permissions_group_id_b120cbf9_fk_auth_group_id` FOREIGN KEY (`group_id`) REFERENCES `auth_group` (`id`); args=()
2017-08-10 20:15:15,343 [MainThread:8832] [django.db.backends.schema:111] [schema:execute] [DEBUG]- ALTER TABLE `auth_group_permissions` ADD CONSTRAINT `auth_group_permissio_permission_id_84c5c92e_fk_auth_perm` FOREIGN KEY (`permission_id`) REFERENCES `auth_permission` (`id`); (params ())
2017-08-10 20:15:16,828 [MainThread:8832] [django.db.backends:91] [utils:execute] [DEBUG]- (1.483) ALTER TABLE `auth_group_permissions` ADD CONSTRAINT `auth_group_permissio_permission_id_84c5c92e_fk_auth_perm` FOREIGN KEY (`permission_id`) REFERENCES `auth_permission` (`id`); args=()
2017-08-10 20:15:16,830 [MainThread:8832] [django.db.backends.schema:111] [schema:execute] [DEBUG]- ALTER TABLE `auth_group_permissions` ADD CONSTRAINT `auth_group_permissions_group_id_permission_id_0cd325b0_uniq` UNIQUE (`group_id`, `permission_id`); (params ())
2017-08-10 20:15:17,338 [MainThread:8832] [django.db.backends:91] [utils:execute] [DEBUG]- (0.507) ALTER TABLE `auth_group_permissions` ADD CONSTRAINT `auth_group_permissions_group_id_permission_id_0cd325b0_uniq` UNIQUE (`group_id`, `permission_id`); args=()
2017-08-10 20:15:17,340 [MainThread:8832] [django.db.backends.schema:111] [schema:execute] [DEBUG]- ALTER TABLE `auth_user_groups` ADD CONSTRAINT `auth_user_groups_user_id_6a12ed8b_fk_auth_user_id` FOREIGN KEY (`user_id`) REFERENCES `auth_user` (`id`); (params ())
2017-08-10 20:15:18,696 [MainThread:8832] [django.db.backends:91] [utils:execute] [DEBUG]- (1.353) ALTER TABLE `auth_user_groups` ADD CONSTRAINT `auth_user_groups_user_id_6a12ed8b_fk_auth_user_id` FOREIGN KEY (`user_id`) REFERENCES `auth_user` (`id`); args=()
2017-08-10 20:15:18,697 [MainThread:8832] [django.db.backends.schema:111] [schema:execute] [DEBUG]- ALTER TABLE `auth_user_groups` ADD CONSTRAINT `auth_user_groups_group_id_97559544_fk_auth_group_id` FOREIGN KEY (`group_id`) REFERENCES `auth_group` (`id`); (params ())
2017-08-10 20:15:20,169 [MainThread:8832] [django.db.backends:91] [utils:execute] [DEBUG]- (1.469) ALTER TABLE `auth_user_groups` ADD CONSTRAINT `auth_user_groups_group_id_97559544_fk_auth_group_id` FOREIGN KEY (`group_id`) REFERENCES `auth_group` (`id`); args=()
2017-08-10 20:15:20,172 [MainThread:8832] [django.db.backends.schema:111] [schema:execute] [DEBUG]- ALTER TABLE `auth_user_groups` ADD CONSTRAINT `auth_user_groups_user_id_group_id_94350c0c_uniq` UNIQUE (`user_id`, `group_id`); (params ())
2017-08-10 20:15:20,692 [MainThread:8832] [django.db.backends:91] [utils:execute] [DEBUG]- (0.517) ALTER TABLE `auth_user_groups` ADD CONSTRAINT `auth_user_groups_user_id_group_id_94350c0c_uniq` UNIQUE (`user_id`, `group_id`); args=()
2017-08-10 20:15:20,693 [MainThread:8832] [django.db.backends.schema:111] [schema:execute] [DEBUG]- ALTER TABLE `auth_user_user_permissions` ADD CONSTRAINT `auth_user_user_permissions_user_id_a95ead1b_fk_auth_user_id` FOREIGN KEY (`user_id`) REFERENCES `auth_user` (`id`); (params ())
2017-08-10 20:15:23,470 [MainThread:8832] [django.db.backends:91] [utils:execute] [DEBUG]- (2.775) ALTER TABLE `auth_user_user_permissions` ADD CONSTRAINT `auth_user_user_permissions_user_id_a95ead1b_fk_auth_user_id` FOREIGN KEY (`user_id`) REFERENCES `auth_user` (`id`); args=()
2017-08-10 20:15:23,472 [MainThread:8832] [django.db.backends.schema:111] [schema:execute] [DEBUG]- ALTER TABLE `auth_user_user_permissions` ADD CONSTRAINT `auth_user_user_permi_permission_id_1fbb5f2c_fk_auth_perm` FOREIGN KEY (`permission_id`) REFERENCES `auth_permission` (`id`); (params ())
2017-08-10 20:15:25,319 [MainThread:8832] [django.db.backends:91] [utils:execute] [DEBUG]- (1.846) ALTER TABLE `auth_user_user_permissions` ADD CONSTRAINT `auth_user_user_permi_permission_id_1fbb5f2c_fk_auth_perm` FOREIGN KEY (`permission_id`) REFERENCES `auth_permission` (`id`); args=()
2017-08-10 20:15:25,323 [MainThread:8832] [django.db.backends.schema:111] [schema:execute] [DEBUG]- ALTER TABLE `auth_user_user_permissions` ADD CONSTRAINT `auth_user_user_permissions_user_id_permission_id_14a6b632_uniq` UNIQUE (`user_id`, `permission_id`); (params ())
2017-08-10 20:15:26,333 [MainThread:8832] [django.db.backends:91] [utils:execute] [DEBUG]- (1.005) ALTER TABLE `auth_user_user_permissions` ADD CONSTRAINT `auth_user_user_permissions_user_id_permission_id_14a6b632_uniq` UNIQUE (`user_id`, `permission_id`); args=()
2017-08-10 20:15:26,341 [MainThread:8832] [django.db.backends:91] [utils:execute] [DEBUG]- (0.004) SHOW FULL TABLES; args=None
2017-08-10 20:15:26,479 [MainThread:8832] [django.db.backends:91] [utils:execute] [DEBUG]- (0.134) INSERT INTO `django_migrations` (`app`, `name`, `applied`) VALUES ('auth', '0001_initial', '2017-08-10 12:15:26.344398'); args=['auth', '0001_initial', '2017-08-10 12:15:26.344398']
2017-08-10 20:15:26,808 [MainThread:8832] [django.db.backends.schema:111] [schema:execute] [DEBUG]- CREATE TABLE `django_admin_log` (`id` integer AUTO_INCREMENT NOT NULL PRIMARY KEY, `action_time` datetime(6) NOT NULL, `object_id` longtext NULL, `object_repr` varchar(200) NOT NULL, `action_flag` smallint UNSIGNED NOT NULL, `change_message` longtext NOT NULL, `content_type_id` integer NULL, `user_id` integer NOT NULL); (params None)
2017-08-10 20:15:28,463 [MainThread:8832] [django.db.backends:91] [utils:execute] [DEBUG]- (1.649) CREATE TABLE `django_admin_log` (`id` integer AUTO_INCREMENT NOT NULL PRIMARY KEY, `action_time` datetime(6) NOT NULL, `object_id` longtext NULL, `object_repr` varchar(200) NOT NULL, `action_flag` smallint UNSIGNED NOT NULL, `change_message` longtext NOT NULL, `content_type_id` integer NULL, `user_id` integer NOT NULL); args=None
2017-08-10 20:15:28,467 [MainThread:8832] [django.db.backends:91] [utils:execute] [DEBUG]- (0.002) SELECT engine FROM information_schema.tables WHERE table_name = 'django_admin_log'; args=['django_admin_log']
2017-08-10 20:15:28,469 [MainThread:8832] [django.db.backends:91] [utils:execute] [DEBUG]- (0.001) SELECT engine FROM information_schema.tables WHERE table_name = 'django_admin_log'; args=['django_admin_log']
2017-08-10 20:15:28,475 [MainThread:8832] [django.db.backends:91] [utils:execute] [DEBUG]- (0.003) SELECT engine FROM information_schema.tables WHERE table_name = 'django_admin_log'; args=['django_admin_log']
2017-08-10 20:15:28,481 [MainThread:8832] [django.db.backends:91] [utils:execute] [DEBUG]- (0.002) SELECT engine FROM information_schema.tables WHERE table_name = 'django_admin_log'; args=['django_admin_log']
2017-08-10 20:15:28,487 [MainThread:8832] [django.db.backends:91] [utils:execute] [DEBUG]- (0.002) SELECT engine FROM information_schema.tables WHERE table_name = 'django_admin_log'; args=['django_admin_log']
2017-08-10 20:15:28,493 [MainThread:8832] [django.db.backends:91] [utils:execute] [DEBUG]- (0.003) SELECT engine FROM information_schema.tables WHERE table_name = 'django_admin_log'; args=['django_admin_log']
2017-08-10 20:15:28,499 [MainThread:8832] [django.db.backends:91] [utils:execute] [DEBUG]- (0.002) SELECT engine FROM information_schema.tables WHERE table_name = 'django_admin_log'; args=['django_admin_log']
2017-08-10 20:15:28,505 [MainThread:8832] [django.db.backends:91] [utils:execute] [DEBUG]- (0.002) SELECT engine FROM information_schema.tables WHERE table_name = 'django_admin_log'; args=['django_admin_log']
2017-08-10 20:15:28,508 [MainThread:8832] [django.db.backends.schema:111] [schema:execute] [DEBUG]- ALTER TABLE `django_admin_log` ADD CONSTRAINT `django_admin_log_content_type_id_c4bce8eb_fk_django_co` FOREIGN KEY (`content_type_id`) REFERENCES `django_content_type` (`id`); (params ())
2017-08-10 20:15:29,758 [MainThread:8832] [django.db.backends:91] [utils:execute] [DEBUG]- (1.246) ALTER TABLE `django_admin_log` ADD CONSTRAINT `django_admin_log_content_type_id_c4bce8eb_fk_django_co` FOREIGN KEY (`content_type_id`) REFERENCES `django_content_type` (`id`); args=()
2017-08-10 20:15:29,760 [MainThread:8832] [django.db.backends.schema:111] [schema:execute] [DEBUG]- ALTER TABLE `django_admin_log` ADD CONSTRAINT `django_admin_log_user_id_c564eba6_fk_auth_user_id` FOREIGN KEY (`user_id`) REFERENCES `auth_user` (`id`); (params ())
2017-08-10 20:15:31,415 [MainThread:8832] [django.db.backends:91] [utils:execute] [DEBUG]- (1.654) ALTER TABLE `django_admin_log` ADD CONSTRAINT `django_admin_log_user_id_c564eba6_fk_auth_user_id` FOREIGN KEY (`user_id`) REFERENCES `auth_user` (`id`); args=()
2017-08-10 20:15:31,420 [MainThread:8832] [django.db.backends:91] [utils:execute] [DEBUG]- (0.002) SHOW FULL TABLES; args=None
2017-08-10 20:15:31,424 [MainThread:8832] [django.db.backends:91] [utils:execute] [DEBUG]- (0.000) INSERT INTO `django_migrations` (`app`, `name`, `applied`) VALUES ('admin', '0001_initial', '2017-08-10 12:15:31.422688'); args=['admin', '0001_initial', '2017-08-10 12:15:31.422688']
2017-08-10 20:15:31,515 [MainThread:8832] [django.db.backends:91] [utils:execute] [DEBUG]- (0.003) SHOW FULL TABLES; args=None
2017-08-10 20:15:31,522 [MainThread:8832] [django.db.backends:91] [utils:execute] [DEBUG]- (0.001) INSERT INTO `django_migrations` (`app`, `name`, `applied`) VALUES ('admin', '0002_logentry_remove_auto_add', '2017-08-10 12:15:31.518694'); args=['admin', '0002_logentry_remove_auto_add', '2017-08-10 12:15:31.518694']
2017-08-10 20:15:31,609 [MainThread:8832] [django.db.backends.schema:111] [schema:execute] [DEBUG]- ALTER TABLE `django_content_type` MODIFY `name` varchar(100) NULL; (params [])
2017-08-10 20:15:32,874 [MainThread:8832] [django.db.backends:91] [utils:execute] [DEBUG]- (1.262) ALTER TABLE `django_content_type` MODIFY `name` varchar(100) NULL; args=[]
2017-08-10 20:15:32,906 [MainThread:8832] [django.db.backends.schema:111] [schema:execute] [DEBUG]- ALTER TABLE `django_content_type` DROP COLUMN `name`; (params ())
2017-08-10 20:15:33,691 [MainThread:8832] [django.db.backends:91] [utils:execute] [DEBUG]- (0.783) ALTER TABLE `django_content_type` DROP COLUMN `name`; args=()
2017-08-10 20:15:33,698 [MainThread:8832] [django.db.backends:91] [utils:execute] [DEBUG]- (0.002) SHOW FULL TABLES; args=None
2017-08-10 20:15:33,701 [MainThread:8832] [django.db.backends:91] [utils:execute] [DEBUG]- (0.001) INSERT INTO `django_migrations` (`app`, `name`, `applied`) VALUES ('contenttypes', '0002_remove_content_type_name', '2017-08-10 12:15:33.699818'); args=['contenttypes', '0002_remove_content_type_name', '2017-08-10 12:15:33.699818']
2017-08-10 20:15:33,775 [MainThread:8832] [django.db.backends.schema:111] [schema:execute] [DEBUG]- ALTER TABLE `auth_permission` MODIFY `name` varchar(255) NOT NULL; (params [])
2017-08-10 20:15:35,847 [MainThread:8832] [django.db.backends:91] [utils:execute] [DEBUG]- (2.068) ALTER TABLE `auth_permission` MODIFY `name` varchar(255) NOT NULL; args=[]
2017-08-10 20:15:35,849 [MainThread:8832] [django.db.backends:91] [utils:execute] [DEBUG]- (0.001) SHOW FULL TABLES; args=None
2017-08-10 20:15:35,875 [MainThread:8832] [django.db.backends:91] [utils:execute] [DEBUG]- (0.024) INSERT INTO `django_migrations` (`app`, `name`, `applied`) VALUES ('auth', '0002_alter_permission_name_max_length', '2017-08-10 12:15:35.851942'); args=['auth', '0002_alter_permission_name_max_length', '2017-08-10 12:15:35.851942']
2017-08-10 20:15:35,963 [MainThread:8832] [django.db.backends.schema:111] [schema:execute] [DEBUG]- ALTER TABLE `auth_user` MODIFY `email` varchar(254) NOT NULL; (params [])
2017-08-10 20:15:37,316 [MainThread:8832] [django.db.backends:91] [utils:execute] [DEBUG]- (1.349) ALTER TABLE `auth_user` MODIFY `email` varchar(254) NOT NULL; args=[]
2017-08-10 20:15:37,320 [MainThread:8832] [django.db.backends:91] [utils:execute] [DEBUG]- (0.002) SHOW FULL TABLES; args=None
2017-08-10 20:15:37,324 [MainThread:8832] [django.db.backends:91] [utils:execute] [DEBUG]- (0.001) INSERT INTO `django_migrations` (`app`, `name`, `applied`) VALUES ('auth', '0003_alter_user_email_max_length', '2017-08-10 12:15:37.322026'); args=['auth', '0003_alter_user_email_max_length', '2017-08-10 12:15:37.322026']
2017-08-10 20:15:37,386 [MainThread:8832] [django.db.backends:91] [utils:execute] [DEBUG]- (0.001) SHOW FULL TABLES; args=None
2017-08-10 20:15:37,389 [MainThread:8832] [django.db.backends:91] [utils:execute] [DEBUG]- (0.001) INSERT INTO `django_migrations` (`app`, `name`, `applied`) VALUES ('auth', '0004_alter_user_username_opts', '2017-08-10 12:15:37.388029'); args=['auth', '0004_alter_user_username_opts', '2017-08-10 12:15:37.388029']
2017-08-10 20:15:37,449 [MainThread:8832] [django.db.backends.schema:111] [schema:execute] [DEBUG]- ALTER TABLE `auth_user` MODIFY `last_login` datetime(6) NULL; (params [])
2017-08-10 20:15:39,389 [MainThread:8832] [django.db.backends:91] [utils:execute] [DEBUG]- (1.938) ALTER TABLE `auth_user` MODIFY `last_login` datetime(6) NULL; args=[]
2017-08-10 20:15:39,392 [MainThread:8832] [django.db.backends:91] [utils:execute] [DEBUG]- (0.001) SHOW FULL TABLES; args=None
2017-08-10 20:15:39,394 [MainThread:8832] [django.db.backends:91] [utils:execute] [DEBUG]- (0.000) INSERT INTO `django_migrations` (`app`, `name`, `applied`) VALUES ('auth', '0005_alter_user_last_login_null', '2017-08-10 12:15:39.393144'); args=['auth', '0005_alter_user_last_login_null', '2017-08-10 12:15:39.393144']
2017-08-10 20:15:39,463 [MainThread:8832] [django.db.backends:91] [utils:execute] [DEBUG]- (0.003) SHOW FULL TABLES; args=None
2017-08-10 20:15:39,469 [MainThread:8832] [django.db.backends:91] [utils:execute] [DEBUG]- (0.001) INSERT INTO `django_migrations` (`app`, `name`, `applied`) VALUES ('auth', '0006_require_contenttypes_0002', '2017-08-10 12:15:39.466148'); args=['auth', '0006_require_contenttypes_0002', '2017-08-10 12:15:39.466148']
2017-08-10 20:15:39,550 [MainThread:8832] [django.db.backends:91] [utils:execute] [DEBUG]- (0.004) SHOW FULL TABLES; args=None
2017-08-10 20:15:39,569 [MainThread:8832] [django.db.backends:91] [utils:execute] [DEBUG]- (0.014) INSERT INTO `django_migrations` (`app`, `name`, `applied`) VALUES ('auth', '0007_alter_validators_add_error_messages', '2017-08-10 12:15:39.553153'); args=['auth', '0007_alter_validators_add_error_messages', '2017-08-10 12:15:39.553153']
2017-08-10 20:15:39,650 [MainThread:8832] [django.db.backends.schema:111] [schema:execute] [DEBUG]- ALTER TABLE `auth_user` MODIFY `username` varchar(150) NOT NULL; (params [])
2017-08-10 20:15:40,981 [MainThread:8832] [django.db.backends:91] [utils:execute] [DEBUG]- (1.327) ALTER TABLE `auth_user` MODIFY `username` varchar(150) NOT NULL; args=[]
2017-08-10 20:15:40,988 [MainThread:8832] [django.db.backends:91] [utils:execute] [DEBUG]- (0.004) SHOW FULL TABLES; args=None
2017-08-10 20:15:40,995 [MainThread:8832] [django.db.backends:91] [utils:execute] [DEBUG]- (0.002) INSERT INTO `django_migrations` (`app`, `name`, `applied`) VALUES ('auth', '0008_alter_user_username_max_length', '2017-08-10 12:15:40.991235'); args=['auth', '0008_alter_user_username_max_length', '2017-08-10 12:15:40.991235']
2017-08-10 20:15:41,059 [MainThread:8832] [django.db.backends.schema:111] [schema:execute] [DEBUG]- CREATE TABLE `django_session` (`session_key` varchar(40) NOT NULL PRIMARY KEY, `session_data` longtext NOT NULL, `expire_date` datetime(6) NOT NULL); (params None)
2017-08-10 20:15:41,538 [MainThread:8832] [django.db.backends:91] [utils:execute] [DEBUG]- (0.475) CREATE TABLE `django_session` (`session_key` varchar(40) NOT NULL PRIMARY KEY, `session_data` longtext NOT NULL, `expire_date` datetime(6) NOT NULL); args=None
2017-08-10 20:15:41,547 [MainThread:8832] [django.db.backends:91] [utils:execute] [DEBUG]- (0.003) SELECT engine FROM information_schema.tables WHERE table_name = 'django_session'; args=['django_session']
2017-08-10 20:15:41,552 [MainThread:8832] [django.db.backends:91] [utils:execute] [DEBUG]- (0.002) SELECT engine FROM information_schema.tables WHERE table_name = 'django_session'; args=['django_session']
2017-08-10 20:15:41,557 [MainThread:8832] [django.db.backends:91] [utils:execute] [DEBUG]- (0.002) SELECT engine FROM information_schema.tables WHERE table_name = 'django_session'; args=['django_session']
2017-08-10 20:15:41,566 [MainThread:8832] [django.db.backends.schema:111] [schema:execute] [DEBUG]- CREATE INDEX `django_session_expire_date_a5c62663` ON `django_session` (`expire_date`); (params ())
2017-08-10 20:15:42,570 [MainThread:8832] [django.db.backends:91] [utils:execute] [DEBUG]- (0.993) CREATE INDEX `django_session_expire_date_a5c62663` ON `django_session` (`expire_date`); args=()
2017-08-10 20:15:42,574 [MainThread:8832] [django.db.backends:91] [utils:execute] [DEBUG]- (0.002) SHOW FULL TABLES; args=None
2017-08-10 20:15:42,577 [MainThread:8832] [django.db.backends:91] [utils:execute] [DEBUG]- (0.000) INSERT INTO `django_migrations` (`app`, `name`, `applied`) VALUES ('sessions', '0001_initial', '2017-08-10 12:15:42.576326'); args=['sessions', '0001_initial', '2017-08-10 12:15:42.576326']
2017-08-10 20:15:42,644 [MainThread:8832] [django.db.backends:91] [utils:execute] [DEBUG]- (0.002) SHOW FULL TABLES; args=None
2017-08-10 20:15:42,647 [MainThread:8832] [django.db.backends:91] [utils:execute] [DEBUG]- (0.001) SELECT `django_migrations`.`app`, `django_migrations`.`name` FROM `django_migrations`; args=()
2017-08-10 20:15:42,681 [MainThread:8832] [django.db.backends:91] [utils:execute] [DEBUG]- (0.013) SELECT `django_content_type`.`id`, `django_content_type`.`app_label`, `django_content_type`.`model` FROM `django_content_type` WHERE (`django_content_type`.`app_label` = 'admin' AND `django_content_type`.`model` = 'logentry'); args=('admin', 'logentry')
2017-08-10 20:15:42,686 [MainThread:8832] [django.db.backends:91] [utils:execute] [DEBUG]- (0.001) SELECT `django_content_type`.`id`, `django_content_type`.`app_label`, `django_content_type`.`model` FROM `django_content_type` WHERE (`django_content_type`.`app_label` = 'admin' AND `django_content_type`.`model` = 'logentry'); args=('admin', 'logentry')
2017-08-10 20:15:42,690 [MainThread:8832] [django.db.backends:91] [utils:execute] [DEBUG]- (0.001) INSERT INTO `django_content_type` (`app_label`, `model`) VALUES ('admin', 'logentry'); args=['admin', 'logentry']
2017-08-10 20:15:42,762 [MainThread:8832] [django.db.backends:91] [utils:execute] [DEBUG]- (0.015) SELECT `auth_permission`.`content_type_id`, `auth_permission`.`codename` FROM `auth_permission` INNER JOIN `django_content_type` ON (`auth_permission`.`content_type_id` = `django_content_type`.`id`) WHERE `auth_permission`.`content_type_id` IN (1) ORDER BY `django_content_type`.`app_label` ASC, `django_content_type`.`model` ASC, `auth_permission`.`codename` ASC; args=(1,)
2017-08-10 20:15:42,766 [MainThread:8832] [django.db.backends:91] [utils:execute] [DEBUG]- (0.001) INSERT INTO `auth_permission` (`name`, `content_type_id`, `codename`) VALUES ('Can add log entry', 1, 'add_logentry'), ('Can change log entry', 1, 'change_logentry'), ('Can delete log entry', 1, 'delete_logentry'); args=('Can add log entry', 1, 'add_logentry', 'Can change log entry', 1, 'change_logentry', 'Can delete log entry', 1, 'delete_logentry')
2017-08-10 20:15:42,904 [MainThread:8832] [django.db.backends:91] [utils:execute] [DEBUG]- (0.002) SELECT `django_content_type`.`id`, `django_content_type`.`app_label`, `django_content_type`.`model` FROM `django_content_type` WHERE `django_content_type`.`app_label` = 'admin'; args=('admin',)
2017-08-10 20:15:42,913 [MainThread:8832] [django.db.backends:91] [utils:execute] [DEBUG]- (0.003) SELECT `django_content_type`.`id`, `django_content_type`.`app_label`, `django_content_type`.`model` FROM `django_content_type` WHERE (`django_content_type`.`app_label` = 'auth' AND `django_content_type`.`model` = 'permission'); args=('auth', 'permission')
2017-08-10 20:15:42,918 [MainThread:8832] [django.db.backends:91] [utils:execute] [DEBUG]- (0.001) SELECT `django_content_type`.`id`, `django_content_type`.`app_label`, `django_content_type`.`model` FROM `django_content_type` WHERE (`django_content_type`.`app_label` = 'auth' AND `django_content_type`.`model` = 'permission'); args=('auth', 'permission')
2017-08-10 20:15:42,922 [MainThread:8832] [django.db.backends:91] [utils:execute] [DEBUG]- (0.001) INSERT INTO `django_content_type` (`app_label`, `model`) VALUES ('auth', 'permission'); args=['auth', 'permission']
2017-08-10 20:15:43,051 [MainThread:8832] [django.db.backends:91] [utils:execute] [DEBUG]- (0.002) SELECT `django_content_type`.`id`, `django_content_type`.`app_label`, `django_content_type`.`model` FROM `django_content_type` WHERE (`django_content_type`.`app_label` = 'auth' AND `django_content_type`.`model` = 'group'); args=('auth', 'group')
2017-08-10 20:15:43,060 [MainThread:8832] [django.db.backends:91] [utils:execute] [DEBUG]- (0.001) SELECT `django_content_type`.`id`, `django_content_type`.`app_label`, `django_content_type`.`model` FROM `django_content_type` WHERE (`django_content_type`.`app_label` = 'auth' AND `django_content_type`.`model` = 'group'); args=('auth', 'group')
2017-08-10 20:15:43,068 [MainThread:8832] [django.db.backends:91] [utils:execute] [DEBUG]- (0.001) INSERT INTO `django_content_type` (`app_label`, `model`) VALUES ('auth', 'group'); args=['auth', 'group']
2017-08-10 20:15:43,258 [MainThread:8832] [django.db.backends:91] [utils:execute] [DEBUG]- (0.001) SELECT `django_content_type`.`id`, `django_content_type`.`app_label`, `django_content_type`.`model` FROM `django_content_type` WHERE (`django_content_type`.`app_label` = 'auth' AND `django_content_type`.`model` = 'user'); args=('auth', 'user')
2017-08-10 20:15:43,266 [MainThread:8832] [django.db.backends:91] [utils:execute] [DEBUG]- (0.001) SELECT `django_content_type`.`id`, `django_content_type`.`app_label`, `django_content_type`.`model` FROM `django_content_type` WHERE (`django_content_type`.`app_label` = 'auth' AND `django_content_type`.`model` = 'user'); args=('auth', 'user')
2017-08-10 20:15:43,273 [MainThread:8832] [django.db.backends:91] [utils:execute] [DEBUG]- (0.001) INSERT INTO `django_content_type` (`app_label`, `model`) VALUES ('auth', 'user'); args=['auth', 'user']
2017-08-10 20:15:43,544 [MainThread:8832] [django.db.backends:91] [utils:execute] [DEBUG]- (0.002) SELECT `auth_permission`.`content_type_id`, `auth_permission`.`codename` FROM `auth_permission` INNER JOIN `django_content_type` ON (`auth_permission`.`content_type_id` = `django_content_type`.`id`) WHERE `auth_permission`.`content_type_id` IN (2, 3, 4) ORDER BY `django_content_type`.`app_label` ASC, `django_content_type`.`model` ASC, `auth_permission`.`codename` ASC; args=(2, 3, 4)
2017-08-10 20:15:43,572 [MainThread:8832] [django.db.backends:91] [utils:execute] [DEBUG]- (0.018) INSERT INTO `auth_permission` (`name`, `content_type_id`, `codename`) VALUES ('Can add permission', 2, 'add_permission'), ('Can change permission', 2, 'change_permission'), ('Can delete permission', 2, 'delete_permission'), ('Can add group', 3, 'add_group'), ('Can change group', 3, 'change_group'), ('Can delete group', 3, 'delete_group'), ('Can add user', 4, 'add_user'), ('Can change user', 4, 'change_user'), ('Can delete user', 4, 'delete_user'); args=('Can add permission', 2, 'add_permission', 'Can change permission', 2, 'change_permission', 'Can delete permission', 2, 'delete_permission', 'Can add group', 3, 'add_group', 'Can change group', 3, 'change_group', 'Can delete group', 3, 'delete_group', 'Can add user', 4, 'add_user', 'Can change user', 4, 'change_user', 'Can delete user', 4, 'delete_user')
2017-08-10 20:15:43,674 [MainThread:8832] [django.db.backends:91] [utils:execute] [DEBUG]- (0.002) SELECT `django_content_type`.`id`, `django_content_type`.`app_label`, `django_content_type`.`model` FROM `django_content_type` WHERE `django_content_type`.`app_label` = 'auth'; args=('auth',)
2017-08-10 20:15:43,681 [MainThread:8832] [django.db.backends:91] [utils:execute] [DEBUG]- (0.000) SELECT `django_content_type`.`id`, `django_content_type`.`app_label`, `django_content_type`.`model` FROM `django_content_type` WHERE (`django_content_type`.`app_label` = 'contenttypes' AND `django_content_type`.`model` = 'contenttype'); args=('contenttypes', 'contenttype')
2017-08-10 20:15:43,685 [MainThread:8832] [django.db.backends:91] [utils:execute] [DEBUG]- (0.001) SELECT `django_content_type`.`id`, `django_content_type`.`app_label`, `django_content_type`.`model` FROM `django_content_type` WHERE (`django_content_type`.`app_label` = 'contenttypes' AND `django_content_type`.`model` = 'contenttype'); args=('contenttypes', 'contenttype')
2017-08-10 20:15:43,690 [MainThread:8832] [django.db.backends:91] [utils:execute] [DEBUG]- (0.001) INSERT INTO `django_content_type` (`app_label`, `model`) VALUES ('contenttypes', 'contenttype'); args=['contenttypes', 'contenttype']
2017-08-10 20:15:43,776 [MainThread:8832] [django.db.backends:91] [utils:execute] [DEBUG]- (0.001) SELECT `auth_permission`.`content_type_id`, `auth_permission`.`codename` FROM `auth_permission` INNER JOIN `django_content_type` ON (`auth_permission`.`content_type_id` = `django_content_type`.`id`) WHERE `auth_permission`.`content_type_id` IN (5) ORDER BY `django_content_type`.`app_label` ASC, `django_content_type`.`model` ASC, `auth_permission`.`codename` ASC; args=(5,)
2017-08-10 20:15:43,785 [MainThread:8832] [django.db.backends:91] [utils:execute] [DEBUG]- (0.001) INSERT INTO `auth_permission` (`name`, `content_type_id`, `codename`) VALUES ('Can add content type', 5, 'add_contenttype'), ('Can change content type', 5, 'change_contenttype'), ('Can delete content type', 5, 'delete_contenttype'); args=('Can add content type', 5, 'add_contenttype', 'Can change content type', 5, 'change_contenttype', 'Can delete content type', 5, 'delete_contenttype')
2017-08-10 20:15:43,844 [MainThread:8832] [django.db.backends:91] [utils:execute] [DEBUG]- (0.001) SELECT `django_content_type`.`id`, `django_content_type`.`app_label`, `django_content_type`.`model` FROM `django_content_type` WHERE `django_content_type`.`app_label` = 'contenttypes'; args=('contenttypes',)
2017-08-10 20:15:43,852 [MainThread:8832] [django.db.backends:91] [utils:execute] [DEBUG]- (0.001) SELECT `django_content_type`.`id`, `django_content_type`.`app_label`, `django_content_type`.`model` FROM `django_content_type` WHERE (`django_content_type`.`app_label` = 'sessions' AND `django_content_type`.`model` = 'session'); args=('sessions', 'session')
2017-08-10 20:15:43,861 [MainThread:8832] [django.db.backends:91] [utils:execute] [DEBUG]- (0.001) SELECT `django_content_type`.`id`, `django_content_type`.`app_label`, `django_content_type`.`model` FROM `django_content_type` WHERE (`django_content_type`.`app_label` = 'sessions' AND `django_content_type`.`model` = 'session'); args=('sessions', 'session')
2017-08-10 20:15:43,867 [MainThread:8832] [django.db.backends:91] [utils:execute] [DEBUG]- (0.000) INSERT INTO `django_content_type` (`app_label`, `model`) VALUES ('sessions', 'session'); args=['sessions', 'session']
2017-08-10 20:15:43,930 [MainThread:8832] [django.db.backends:91] [utils:execute] [DEBUG]- (0.001) SELECT `auth_permission`.`content_type_id`, `auth_permission`.`codename` FROM `auth_permission` INNER JOIN `django_content_type` ON (`auth_permission`.`content_type_id` = `django_content_type`.`id`) WHERE `auth_permission`.`content_type_id` IN (6) ORDER BY `django_content_type`.`app_label` ASC, `django_content_type`.`model` ASC, `auth_permission`.`codename` ASC; args=(6,)
2017-08-10 20:15:43,940 [MainThread:8832] [django.db.backends:91] [utils:execute] [DEBUG]- (0.002) INSERT INTO `auth_permission` (`name`, `content_type_id`, `codename`) VALUES ('Can add session', 6, 'add_session'), ('Can change session', 6, 'change_session'), ('Can delete session', 6, 'delete_session'); args=('Can add session', 6, 'add_session', 'Can change session', 6, 'change_session', 'Can delete session', 6, 'delete_session')
2017-08-10 20:15:44,000 [MainThread:8832] [django.db.backends:91] [utils:execute] [DEBUG]- (0.002) SELECT `django_content_type`.`id`, `django_content_type`.`app_label`, `django_content_type`.`model` FROM `django_content_type` WHERE `django_content_type`.`app_label` = 'sessions'; args=('sessions',)
2017-08-10 20:15:48,567 [MainThread:6328] [django.db.backends:91] [utils:execute] [DEBUG]- (0.000) SELECT @@SQL_AUTO_IS_NULL; args=None
2017-08-10 20:15:48,569 [MainThread:6328] [django.db.backends:91] [utils:execute] [DEBUG]- (0.000) SELECT @@sql_mode; args=None
2017-08-10 20:15:48,571 [MainThread:6328] [django.db.backends:91] [utils:execute] [DEBUG]- (0.000) SELECT VERSION(); args=None
2017-08-10 20:15:48,623 [MainThread:6328] [django.db.backends:91] [utils:execute] [DEBUG]- (0.001) SHOW FULL TABLES; args=None
2017-08-10 20:15:48,629 [MainThread:6328] [django.db.backends:91] [utils:execute] [DEBUG]- (0.002) SELECT `django_migrations`.`app`, `django_migrations`.`name` FROM `django_migrations`; args=()
2017-08-10 20:15:48,632 [MainThread:6328] [django.db.backends:91] [utils:execute] [DEBUG]- (0.001) SHOW FULL TABLES; args=None
2017-08-10 20:15:48,634 [MainThread:6328] [django.db.backends:91] [utils:execute] [DEBUG]- (0.001) SELECT `django_migrations`.`app`, `django_migrations`.`name` FROM `django_migrations`; args=()
2017-08-10 20:15:48,676 [MainThread:6328] [django.db.backends:91] [utils:execute] [DEBUG]- (0.001) SHOW FULL TABLES; args=None
2017-08-10 20:15:48,678 [MainThread:6328] [django.db.backends:91] [utils:execute] [DEBUG]- (0.001) SELECT `django_migrations`.`app`, `django_migrations`.`name` FROM `django_migrations`; args=()
2017-08-10 20:15:48,682 [MainThread:6328] [django.db.backends:91] [utils:execute] [DEBUG]- (0.001) SELECT `django_content_type`.`id`, `django_content_type`.`app_label`, `django_content_type`.`model` FROM `django_content_type` WHERE (`django_content_type`.`app_label` = 'admin' AND `django_content_type`.`model` = 'logentry'); args=('admin', 'logentry')
2017-08-10 20:15:48,687 [MainThread:6328] [django.db.backends:91] [utils:execute] [DEBUG]- (0.001) SELECT `auth_permission`.`content_type_id`, `auth_permission`.`codename` FROM `auth_permission` INNER JOIN `django_content_type` ON (`auth_permission`.`content_type_id` = `django_content_type`.`id`) WHERE `auth_permission`.`content_type_id` IN (1) ORDER BY `django_content_type`.`app_label` ASC, `django_content_type`.`model` ASC, `auth_permission`.`codename` ASC; args=(1,)
2017-08-10 20:15:48,691 [MainThread:6328] [django.db.backends:91] [utils:execute] [DEBUG]- (0.001) SELECT `django_content_type`.`id`, `django_content_type`.`app_label`, `django_content_type`.`model` FROM `django_content_type` WHERE `django_content_type`.`app_label` = 'admin'; args=('admin',)
2017-08-10 20:15:48,695 [MainThread:6328] [django.db.backends:91] [utils:execute] [DEBUG]- (0.000) SELECT `django_content_type`.`id`, `django_content_type`.`app_label`, `django_content_type`.`model` FROM `django_content_type` WHERE (`django_content_type`.`app_label` = 'auth' AND `django_content_type`.`model` = 'permission'); args=('auth', 'permission')
2017-08-10 20:15:48,698 [MainThread:6328] [django.db.backends:91] [utils:execute] [DEBUG]- (0.001) SELECT `django_content_type`.`id`, `django_content_type`.`app_label`, `django_content_type`.`model` FROM `django_content_type` WHERE (`django_content_type`.`app_label` = 'auth' AND `django_content_type`.`model` = 'group'); args=('auth', 'group')
2017-08-10 20:15:48,701 [MainThread:6328] [django.db.backends:91] [utils:execute] [DEBUG]- (0.000) SELECT `django_content_type`.`id`, `django_content_type`.`app_label`, `django_content_type`.`model` FROM `django_content_type` WHERE (`django_content_type`.`app_label` = 'auth' AND `django_content_type`.`model` = 'user'); args=('auth', 'user')
2017-08-10 20:15:48,706 [MainThread:6328] [django.db.backends:91] [utils:execute] [DEBUG]- (0.001) SELECT `auth_permission`.`content_type_id`, `auth_permission`.`codename` FROM `auth_permission` INNER JOIN `django_content_type` ON (`auth_permission`.`content_type_id` = `django_content_type`.`id`) WHERE `auth_permission`.`content_type_id` IN (2, 3, 4) ORDER BY `django_content_type`.`app_label` ASC, `django_content_type`.`model` ASC, `auth_permission`.`codename` ASC; args=(2, 3, 4)
2017-08-10 20:15:48,711 [MainThread:6328] [django.db.backends:91] [utils:execute] [DEBUG]- (0.002) SELECT `django_content_type`.`id`, `django_content_type`.`app_label`, `django_content_type`.`model` FROM `django_content_type` WHERE `django_content_type`.`app_label` = 'auth'; args=('auth',)
2017-08-10 20:15:48,714 [MainThread:6328] [django.db.backends:91] [utils:execute] [DEBUG]- (0.001) SELECT `django_content_type`.`id`, `django_content_type`.`app_label`, `django_content_type`.`model` FROM `django_content_type` WHERE (`django_content_type`.`app_label` = 'contenttypes' AND `django_content_type`.`model` = 'contenttype'); args=('contenttypes', 'contenttype')
2017-08-10 20:15:48,718 [MainThread:6328] [django.db.backends:91] [utils:execute] [DEBUG]- (0.001) SELECT `auth_permission`.`content_type_id`, `auth_permission`.`codename` FROM `auth_permission` INNER JOIN `django_content_type` ON (`auth_permission`.`content_type_id` = `django_content_type`.`id`) WHERE `auth_permission`.`content_type_id` IN (5) ORDER BY `django_content_type`.`app_label` ASC, `django_content_type`.`model` ASC, `auth_permission`.`codename` ASC; args=(5,)
2017-08-10 20:15:48,721 [MainThread:6328] [django.db.backends:91] [utils:execute] [DEBUG]- (0.000) SELECT `django_content_type`.`id`, `django_content_type`.`app_label`, `django_content_type`.`model` FROM `django_content_type` WHERE `django_content_type`.`app_label` = 'contenttypes'; args=('contenttypes',)
2017-08-10 20:15:48,725 [MainThread:6328] [django.db.backends:91] [utils:execute] [DEBUG]- (0.001) SELECT `django_content_type`.`id`, `django_content_type`.`app_label`, `django_content_type`.`model` FROM `django_content_type` WHERE (`django_content_type`.`app_label` = 'sessions' AND `django_content_type`.`model` = 'session'); args=('sessions', 'session')
2017-08-10 20:15:48,729 [MainThread:6328] [django.db.backends:91] [utils:execute] [DEBUG]- (0.001) SELECT `auth_permission`.`content_type_id`, `auth_permission`.`codename` FROM `auth_permission` INNER JOIN `django_content_type` ON (`auth_permission`.`content_type_id` = `django_content_type`.`id`) WHERE `auth_permission`.`content_type_id` IN (6) ORDER BY `django_content_type`.`app_label` ASC, `django_content_type`.`model` ASC, `auth_permission`.`codename` ASC; args=(6,)
2017-08-10 20:15:48,733 [MainThread:6328] [django.db.backends:91] [utils:execute] [DEBUG]- (0.001) SELECT `django_content_type`.`id`, `django_content_type`.`app_label`, `django_content_type`.`model` FROM `django_content_type` WHERE `django_content_type`.`app_label` = 'sessions'; args=('sessions',)
